---------------------------------------------------
M.U.G.E.N ver 1.1.0 Beta 1 P1 (2013.08.11) status log
---------------------------------------------------
Parsing command line...
Command line: C:\Users\1262843\Downloads\mugen-1-1b1\mugen-1.1b1\mugen.exe
Parse command line OK
Initializing...
Allocating game variables
Reading configuration file...Setting language "en".
OK
Initializing timer...performance timer enabled...frequency 10000000...OK
Initializing keyboard...configuring...OK
Initializing input engine...OK
Initializing sound...OK
Initializing BGM...  OK
Initializing graphics...gameCoord 1280x720...render mode 2_20...trying 1280x720x32 mode 0x0...success...OK
Setting callbacks...OK
Initializing font...OK
Initializing game variables...OK
Session RNG seed is 1653327144
Loading system fonts...OK
Loading options...
Initializing pads...failed
Reinitializing input engine...OK
Remapping keys...OK
Reinitializing input engine...OK
Options loaded OK
Loading system...
  Load system file system.def...OK
  Load system spr...OK
  Load system snd...OK
  Load system fonts...OK
  Load system anim...OK
  Load [Title Info]...OK
  Load [Option Info]...OK
  Load [Select Info]...OK
  Load [VS Screen]...OK
  Load [Victory Screen]...OK
  Load [Demo Mode]...OK
  Load [Continue Screen]...OK
  Load [Game Over Screen]...OK
  Load [Win Screen]...OK
  Load [Survival Results Screen]...OK
  Load [Default Ending]...OK
  Load [End Credits]...OK
  Load TitleBG...VersusBG...VictoryBG...SelectBG...OptionBG...OK
  Loading fight data
    Opening fight data file data/mugen1/fight.def...OK
    Reading [Files]...OK
    Loading fonts...OK
    Load fight anim...OK
    Reading [Lifebar]...[Turns Lifebar]...[Simul Lifebar]...[Powerbar]...
    [Face]...[Simul Face]...[Turns Face]...
    [Name]...[Simul Name]...[Turns Name]...
    [Time]...[Combo]...[Round]...[WinIcon]...OK
    Allocating explods...OK
  Fight data loaded OK
Lua initing
Lua init complete
System loaded OK
Initialize OK
Set up graphics...timer...OK

Entering gameflow loop
Gameflow 0
Gameflow 1
Gameflow 2
Initializing character info...OK
Initializing select screen...finding characters...
  Error reading character file: chars/empty/empty.def
OK
Gameflow 3
Gameflow 4
Entering mode select.
Unloading match assets
Freeing players
Game loop init
Mode select init
End of mode select loop
Game loop deinit
Gameflow 5
Entering options screen.
Unloading match assets
Freeing players
Game loop init
Options screen init
Config keys menu
Setting up input
Remapping keys...OK
Reinitializing input engine...OK
Return from config keys menu
End of options screen loop
Game loop deinit
Gameflow 4
Entering mode select.
Unloading match assets
Freeing players
Game loop init
Mode select init
End of mode select loop
Game loop deinit
Gameflow 6
Reset persist vars team 0
Reset persist vars team 1
Gameflow 7
Entering character select.
Unloading match assets
Freeing players
Game loop init
Unreserved all palettes
Charsel init
Game loop deinit
Canceled character select.
Gameflow 4
Entering mode select.
Unloading match assets
Freeing players
Game loop init
Mode select init
End of mode select loop
Game loop deinit
Gameflow 6
Reset persist vars team 0
Reset persist vars team 1
Gameflow 7
Entering character select.
Unloading match assets
Freeing players
Game loop init
Unreserved all palettes
Charsel init
Selected char 0 on teamslot 0.0
Char Sonic V1.0.def (0) request pal 0 3F (3F) -> reserved 0 (3E)
Selected char 1 on teamslot 1.0
Char DeletoBlue.def (1) request pal 0 3F (3F) -> reserved 0 (3E)
End of charsel loop
Game loop deinit
Gameflow 8
Gameflow 9
Gameflow 10
Entering versus screen.
Unloading match assets
Freeing players
Game loop init
Versus screen init
End of versus screen loop
Game loop deinit
Gameflow 11
Loading match assets...
Loading stage...
  Loading BG...OK
Stage loaded OK
  Allocating helpers...OK
Match RNG seed: 1285952092
Reset persist vars team 0
Reset persist vars team 1
Loading character chars/Sonic V1.0/Sonic V1.0.def...
  Loading info...OK
  Loading cmd command set Sonic.cmd...OK
  Loading cns Sonic.cns...OK
  Loading cns AI.cns...OK
  Loading cns Specials.cns...OK
  Loading cns Super.cns...OK
  Loading cns Super Sonic.cns...OK
  Loading cns Dark sonic.cns...OK
  Loading cns Hyper Sonic.cns...OK
  Loading cns DarkSpine Sonic.cns...OK
  Loading cns Excalibur Sonic.cns...OK
  Loading cns Werehog.cns...OK
  Loading cmd state entry Sonic.cmd...OK
  Loading common states common1.cns...OK
  Loading sff Sonic.sff...OK
  Loading anim Sonic.air...OK
  Loading snd Sonic.snd...OK
  Loading pals...OK
  92192 expressions (18093 on trigger lines)
Character Sonic V1.0.def loaded OK
New char Sonic The Hedgehog loaded into cache: (1/4 cached) Load time: 8750.000ms
Loading character chars/DeletoBlue/DeletoBlue.def...
  Loading info...OK
  Loading cmd command set DeletoBlue.cmd...OK
  Loading cns DeletoBlue.cns...OK
  Loading cns override.cns...OK
  Loading cmd state entry DeletoBlue.cmd...OK
  Loading common states common1.cns...OK
  Loading sff DeletoBlue.sff...OK
  Loading anim DeletoBlue.air...OK
  Loading snd DeletoBlue.snd...OK
  Loading pals...OK
  4539 expressions (1641 on trigger lines)
Character DeletoBlue.def loaded OK
New char Deleto Blue loaded into cache: (2/4 cached) Load time: 1600.000ms
Resetting round
Match assets initialized OK
Game loop init
Match loop init
Resetting round
End of match loop
Total time: 116.97s
Total frames: 7020 	Skipped frames: 0
Avg game rate: 60.02
Avg frame rate: 60.02

Finishing match
Freeing players
Save persist vars P56 Sonic The Hedgehog
Player Sonic The Hedgehog cache count reduced: 0
Save persist vars P57 Deleto Blue
Player Deleto Blue cache count reduced: 0
Match RNG closed
Game loop deinit
Gameflow 12
Entering victory screen.
Unloading match assets
Freeing players
Unloading stage...OK
Game loop init
Victory screen init
End of victory screen loop
Game loop deinit
Gameflow 6
Reset persist vars team 0
Reset persist vars team 1
Gameflow 7
Entering character select.
Unloading match assets
Freeing players
Game loop init
Unreserved all palettes
Charsel init
Selected char 0 on teamslot 1.0
Char Sonic V1.0.def (0) request pal 0 3F (3F) -> reserved 0 (3E)
Selected char 0 on teamslot 0.0
Char Sonic V1.0.def (0) request pal 0 3F (3E) -> reserved 1 (3C)
End of charsel loop
Game loop deinit
Gameflow 8
Gameflow 9
Gameflow 10
Entering versus screen.
Unloading match assets
Freeing players
Game loop init
Versus screen init
End of versus screen loop
Game loop deinit
Gameflow 11
Loading match assets...
Loading stage...
  Loading BG...OK
Stage loaded OK
  Allocating helpers...OK
Match RNG seed: 1520890089
Reset persist vars team 0
Reset persist vars team 1
Player Sonic The Hedgehog cache count increased: 1
Player Sonic The Hedgehog cache count increased: 2
Resetting round
Match assets initialized OK
Game loop init
Match loop init
Resetting round
Resetting round
End of match loop
Total time: 346.84s
Total frames: 20813 	Skipped frames: 0
Avg game rate: 60.01
Avg frame rate: 60.01

Finishing match
Freeing players
Save persist vars P56 Sonic The Hedgehog
Player Sonic The Hedgehog cache count reduced: 1
Save persist vars P57 Sonic The Hedgehog
Player Sonic The Hedgehog cache count reduced: 0
Match RNG closed
Game loop deinit
Gameflow 6
Reset persist vars team 0
Reset persist vars team 1
Gameflow 7
Entering character select.
Unloading match assets
Freeing players
Unloading stage...OK
Game loop init
Unreserved all palettes
Charsel init
Game loop deinit
Canceled character select.
Gameflow 4
Entering mode select.
Unloading match assets
Freeing players
Game loop init
Mode select init
End of mode select loop
Game loop deinit
Gameflow 5
Entering options screen.
Unloading match assets
Freeing players
Game loop init
Options screen init
End of options screen loop
Game loop deinit
Gameflow 4
Entering mode select.
Unloading match assets
Freeing players
Game loop init
Mode select init
End of mode select loop
Game loop deinit
Gameflow 6
Reset persist vars team 0
Reset persist vars team 1
Gameflow 7
Entering character select.
Unloading match assets
Freeing players
Game loop init
Unreserved all palettes
Charsel init
Selected char 0 on teamslot 0.0
Char Sonic V1.0.def (0) request pal 0 3F (3F) -> reserved 0 (3E)
Selected char 0 on teamslot 1.0
Char Sonic V1.0.def (0) request pal 0 3F (3E) -> reserved 1 (3C)
End of charsel loop
Game loop deinit
Gameflow 8
Gameflow 9
Gameflow 10
Entering versus screen.
Unloading match assets
Freeing players
Game loop init
Versus screen init
End of versus screen loop
Game loop deinit
Gameflow 11
Loading match assets...
Loading stage...
  Loading BG...OK
Stage loaded OK
  Allocating helpers...OK
Match RNG seed: 395964767
Reset persist vars team 0
Reset persist vars team 1
Player Sonic The Hedgehog cache count increased: 1
Player Sonic The Hedgehog cache count increased: 2
Resetting round
Match assets initialized OK
Game loop init
Match loop init
Resetting round
Resetting round
End of match loop
Total time: 624.86s
Total frames: 37494 	Skipped frames: 0
Avg game rate: 60.00
Avg frame rate: 60.00

Finishing match
Freeing players
Save persist vars P56 Sonic The Hedgehog
Player Sonic The Hedgehog cache count reduced: 1
Save persist vars P57 Sonic The Hedgehog
Player Sonic The Hedgehog cache count reduced: 0
Match RNG closed
Game loop deinit
Gameflow 12
Entering victory screen.
Unloading match assets
Freeing players
Unloading stage...OK
Game loop init
Victory screen init
End of victory screen loop
Game loop deinit
Gameflow 6
Reset persist vars team 0
Reset persist vars team 1
Gameflow 7
Entering character select.
Unloading match assets
Freeing players
Game loop init
Unreserved all palettes
Charsel init
Selected char 6 on teamslot 0.0
Char Namikaze Minato.def (6) request pal 0 0 (0) -> reserved 0 (0)
Selected char 0 on teamslot 1.0
Char Sonic V1.0.def (0) request pal 2 3F (3F) -> reserved 2 (3B)
End of charsel loop
Game loop deinit
Gameflow 8
Gameflow 9
Gameflow 10
Entering versus screen.
Unloading match assets
Freeing players
Game loop init
Versus screen init
End of versus screen loop
Game loop deinit
Gameflow 11
Loading match assets...
Loading stage...
  Loading BG...OK
Stage loaded OK
  Allocating helpers...OK
Match RNG seed: 1078608872
Reset persist vars team 0
Reset persist vars team 1
Loading character chars/Namikaze Minato/Namikaze Minato.def...
  Loading info...OK
  Loading cmd command set Namikaze Minato.cmd...OK
  Loading cns Namikaze Minato.cns...OK
  Loading cns AI.cns...OK
  Loading cns Especials.cns...OK
  Loading cns Supers.cns...OK
  Loading cns Yellow Flash Mode.cns...OK
  Loading cns Bushin.cns...OK
  Loading cmd state entry Namikaze Minato.cmd...OK
  Loading common states Common1.cns...OK
  Loading sff Namikaze Minato.sff...OK
  Loading anim Namikaze Minato.air...OK
  Loading snd Namikaze Minato.snd...OK
  Loading pals...OK
  17713 expressions (4208 on trigger lines)
Character Namikaze Minato.def loaded OK
New char Namikaze Minato loaded into cache: (3/4 cached) Load time: 4890.000ms
Player Sonic The Hedgehog cache count increased: 1
Resetting round
Match assets initialized OK
Game loop init
Match loop init
Resetting round
Life power and time reset
Life power and time reset
Life power and time reset
End of match loop
Total time: 428.82s
Total frames: 25731 	Skipped frames: 0
Avg game rate: 60.00
Avg frame rate: 60.00

Finishing match
Freeing players
Save persist vars P56 Namikaze Minato
Player Namikaze Minato cache count reduced: 0
Save persist vars P57 Sonic The Hedgehog
Player Sonic The Hedgehog cache count reduced: 0
Match RNG closed
Game loop deinit
Gameflow 6
Reset persist vars team 0
Reset persist vars team 1
Gameflow 7
Entering character select.
Unloading match assets
Freeing players
Unloading stage...OK
Game loop init
Unreserved all palettes
Charsel init
Requesting round reset
Game loop deinit
Canceled character select.
Gameflow 4
Entering mode select.
Unloading match assets
Freeing players
Game loop init
Mode select init
End of mode select loop
Game loop deinit
Returned from gameflow loop
Deinitializing...
Frames      : 99040
Time elapsed: 166023.010 sec
ticks: 16602301, tps: 100, start 221, end 16602522

Unloading match assets
Freeing players
Clearing player cache...Freeing player RC Sonic The Hedgehog...CMD...CNS...SFF...AIR...SND...Misc...OK
Freeing player RC Deleto Blue...CMD...CNS...SFF...AIR...SND...Misc...OK
Freeing player RC Namikaze Minato...CMD...CNS...SFF...AIR...SND...Misc...OK
OK
Freeing character info...OK
Freeing select screen...OK
Freeing fight data...OK
Freeing system data...OK
Freeing game variables...Unloading match assets
Freeing players
OK
Deinitializing input...pad...keyboard...OK
Removing callbacks...OK
Deintializing timer...OK
Deinitializing graphics...OK
Deinitializing BGM...OK
Deinitializing sound...OK
Successful program termination.

Log file successfully closed.
